#
# There is insufficient memory for the Java Runtime Environment to continue.
# Native memory allocation (malloc) failed to allocate 32744 bytes for ChunkPool::allocate
# Possible reasons:
#   The system is out of physical RAM or swap space
#   In 32 bit mode, the process size limit was hit
# Possible solutions:
#   Reduce memory load on the system
#   Increase physical memory or swap space
#   Check if swap backing store is full
#   Use 64 bit Java on a 64 bit OS
#   Decrease Java heap size (-Xmx/-Xms)
#   Decrease number of Java threads
#   Decrease Java thread stack sizes (-Xss)
#   Set larger code cache with -XX:ReservedCodeCacheSize=
# This output file may be truncated or incomplete.
#
#  Out of Memory Error (allocation.cpp:273), pid=6860, tid=0x0000000000008290
#
# JRE version: Java(TM) SE Runtime Environment (8.0_181-b13) (build 1.8.0_181-b13)
# Java VM: Java HotSpot(TM) 64-Bit Server VM (25.181-b13 mixed mode windows-amd64 compressed oops)
# Failed to write core dump. Minidumps are not enabled by default on client versions of Windows
#

---------------  T H R E A D  ---------------

Current thread (0x00000000588f2800):  JavaThread "C2 CompilerThread0" daemon [_thread_in_native, id=33424, stack(0x0000000059030000,0x0000000059130000)]

Stack: [0x0000000059030000,0x0000000059130000]
[error occurred during error reporting (printing stack bounds), id 0xc0000005]

Native frames: (J=compiled Java code, j=interpreted, Vv=VM code, C=native code)


Current CompileTask:
C2:   4151  927       4       org.apache.tools.ant.types.resources.FailFast::next (5 bytes)


---------------  P R O C E S S  ---------------

Java Threads: ( => current thread )
  0x0000000058997800 JavaThread "Service Thread" daemon [_thread_blocked, id=63260, stack(0x0000000059700000,0x0000000059800000)]
  0x000000005890d800 JavaThread "C1 CompilerThread2" daemon [_thread_blocked, id=51100, stack(0x00000000594e0000,0x00000000595e0000)]
  0x000000005890c800 JavaThread "C2 CompilerThread1" daemon [_thread_in_native, id=1672, stack(0x0000000059230000,0x0000000059330000)]
=>0x00000000588f2800 JavaThread "C2 CompilerThread0" daemon [_thread_in_native, id=33424, stack(0x0000000059030000,0x0000000059130000)]
  0x00000000588f1800 JavaThread "Attach Listener" daemon [_thread_blocked, id=70052, stack(0x0000000058e70000,0x0000000058f70000)]
  0x00000000588f0800 JavaThread "Signal Dispatcher" daemon [_thread_blocked, id=60504, stack(0x0000000058d20000,0x0000000058e20000)]
  0x00000000576f0800 JavaThread "Finalizer" daemon [_thread_blocked, id=14044, stack(0x00000000584f0000,0x00000000585f0000)]
  0x00000000576a9800 JavaThread "Reference Handler" daemon [_thread_blocked, id=81372, stack(0x00000000587e0000,0x00000000588e0000)]
  0x00000000024ab000 JavaThread "main" [_thread_in_Java, id=63972, stack(0x0000000002880000,0x0000000002980000)]

Other Threads:
  0x00000000576a0000 VMThread [stack: 0x0000000058610000,0x0000000058710000] [id=15836]
  0x0000000058914800 WatcherThread [stack: 0x0000000059340000,0x0000000059440000] [id=75992]

VM state:not at safepoint (normal execution)

VM Mutex/Monitor currently owned by a thread: None

Heap:
 PSYoungGen      total 38400K, used 32625K [0x00000000d5d00000, 0x00000000d8780000, 0x0000000100000000)
  eden space 33280K, 82% used [0x00000000d5d00000,0x00000000d77f7fc0,0x00000000d7d80000)
  from space 5120K, 97% used [0x00000000d7d80000,0x00000000d8264640,0x00000000d8280000)
  to   space 5120K, 0% used [0x00000000d8280000,0x00000000d8280000,0x00000000d8780000)
 ParOldGen       total 87552K, used 80K [0x0000000081600000, 0x0000000086b80000, 0x00000000d5d00000)
  object space 87552K, 0% used [0x0000000081600000,0x0000000081614010,0x0000000086b80000)
 Metaspace       used 7942K, capacity 8140K, committed 8448K, reserved 1056768K
  class space    used 844K, capacity 899K, committed 1024K, reserved 1048576K

Card table byte_map: [0x0000000011d40000,0x0000000012140000] byte_map_base: 0x0000000011935000

Marking Bits: (ParMarkBitMap*) 0x0000000070942d00
 Begin Bits: [0x00000000129c0000, 0x0000000014968000)
 End Bits:   [0x0000000014968000, 0x0000000016910000)

Polling page: 0x0000000000250000

CodeCache: size=245760Kb used=3785Kb max_used=3798Kb free=241974Kb
 bounds [0x0000000002980000, 0x0000000002d40000, 0x0000000011980000]
 total_blobs=1227 nmethods=925 adapters=215
 compilation: enabled

Compilation events (10 events):
Event: 3.754 Thread 0x000000005890d800  922       1       java.util.HashMap::afterNodeRemoval (1 bytes)
Event: 3.755 Thread 0x000000005890d800 nmethod 922 0x0000000002d32e10 code [0x0000000002d32f60, 0x0000000002d33070]
Event: 3.836 Thread 0x000000005890c800  923   !   4       org.apache.tools.ant.types.resources.LazyResourceCollectionWrapper$CachedIterator::hasNext (88 bytes)
Event: 3.969 Thread 0x00000000588f2800  924   !   4       org.apache.tools.ant.Project::getProject (58 bytes)
Event: 3.970 Thread 0x00000000588f2800 nmethod 924 0x0000000002d351d0 code [0x0000000002d35300, 0x0000000002d35398]
Event: 3.970 Thread 0x00000000588f2800  925       4       org.apache.tools.ant.types.resources.FailFast::hasNext (23 bytes)
Event: 3.974 Thread 0x00000000588f2800 nmethod 925 0x0000000002d35b90 code [0x0000000002d35d40, 0x0000000002d36458]
Event: 3.981 Thread 0x00000000588f2800  926       4       org.apache.tools.ant.util.FileUtils::isAbsolutePath (168 bytes)
Event: 3.989 Thread 0x00000000588f2800 nmethod 926 0x0000000002d32150 code [0x0000000002d322c0, 0x0000000002d32958]
Event: 4.141 Thread 0x00000000588f2800  927       4       org.apache.tools.ant.types.resources.FailFast::next (5 bytes)

GC Heap History (2 events):
Event: 1.829 GC heap before
{Heap before GC invocations=1 (full 0):
 PSYoungGen      total 38400K, used 33280K [0x00000000d5d00000, 0x00000000d8780000, 0x0000000100000000)
  eden space 33280K, 100% used [0x00000000d5d00000,0x00000000d7d80000,0x00000000d7d80000)
  from space 5120K, 0% used [0x00000000d8280000,0x00000000d8280000,0x00000000d8780000)
  to   space 5120K, 0% used [0x00000000d7d80000,0x00000000d7d80000,0x00000000d8280000)
 ParOldGen       total 87552K, used 0K [0x0000000081600000, 0x0000000086b80000, 0x00000000d5d00000)
  object space 87552K, 0% used [0x0000000081600000,0x0000000081600000,0x0000000086b80000)
 Metaspace       used 7807K, capacity 8012K, committed 8192K, reserved 1056768K
  class space    used 835K, capacity 899K, committed 1024K, reserved 1048576K
Event: 1.834 GC heap after
Heap after GC invocations=1 (full 0):
 PSYoungGen      total 38400K, used 5009K [0x00000000d5d00000, 0x00000000d8780000, 0x0000000100000000)
  eden space 33280K, 0% used [0x00000000d5d00000,0x00000000d5d00000,0x00000000d7d80000)
  from space 5120K, 97% used [0x00000000d7d80000,0x00000000d8264640,0x00000000d8280000)
  to   space 5120K, 0% used [0x00000000d8280000,0x00000000d8280000,0x00000000d8780000)
 ParOldGen       total 87552K, used 80K [0x0000000081600000, 0x0000000086b80000, 0x00000000d5d00000)
  object space 87552K, 0% used [0x0000000081600000,0x0000000081614010,0x0000000086b80000)
 Metaspace       used 7807K, capacity 8012K, committed 8192K, reserved 1056768K
  class space    used 835K, capacity 899K, committed 1024K, reserved 1048576K
}

Deoptimization events (3 events):
Event: 0.489 Thread 0x00000000024ab000 Uncommon trap: reason=unstable_if action=reinterpret pc=0x0000000002ac8cc8 method=sun.nio.cs.UTF_8$Encoder.encode([CII[B)I @ 33
Event: 0.490 Thread 0x00000000024ab000 Uncommon trap: reason=unstable_if action=reinterpret pc=0x0000000002baa674 method=sun.nio.cs.UTF_8$Decoder.decode([BII[C)I @ 30
Event: 3.220 Thread 0x00000000024ab000 Uncommon trap: reason=unstable_if action=reinterpret pc=0x0000000002cdcb5c method=java.util.WeakHashMap.get(Ljava/lang/Object;)Ljava/lang/Object; @ 44

Classes redefined (0 events):
No events

Internal exceptions (7 events):
Event: 0.027 Thread 0x00000000024ab000 Exception <a 'java/lang/NoSuchMethodError': Method sun.misc.Unsafe.defineClass(Ljava/lang/String;[BII)Ljava/lang/Class; name or signature does not match> (0x00000000d5d07cb0) thrown at [C:\re\workspace\8-2-build-windows-amd64-cygwin\jdk8u181\11358\hotspot
Event: 0.028 Thread 0x00000000024ab000 Exception <a 'java/lang/NoSuchMethodError': Method sun.misc.Unsafe.prefetchRead(Ljava/lang/Object;J)V name or signature does not match> (0x00000000d5d07f98) thrown at [C:\re\workspace\8-2-build-windows-amd64-cygwin\jdk8u181\11358\hotspot\src\share\vm\prim
Event: 0.131 Thread 0x00000000024ab000 Exception <a 'java/security/PrivilegedActionException'> (0x00000000d5fda2b0) thrown at [C:\re\workspace\8-2-build-windows-amd64-cygwin\jdk8u181\11358\hotspot\src\share\vm\prims\jvm.cpp, line 1435]
Event: 0.131 Thread 0x00000000024ab000 Exception <a 'java/security/PrivilegedActionException'> (0x00000000d5fda4c0) thrown at [C:\re\workspace\8-2-build-windows-amd64-cygwin\jdk8u181\11358\hotspot\src\share\vm\prims\jvm.cpp, line 1435]
Event: 0.132 Thread 0x00000000024ab000 Exception <a 'java/security/PrivilegedActionException'> (0x00000000d5fde3d0) thrown at [C:\re\workspace\8-2-build-windows-amd64-cygwin\jdk8u181\11358\hotspot\src\share\vm\prims\jvm.cpp, line 1435]
Event: 0.132 Thread 0x00000000024ab000 Exception <a 'java/security/PrivilegedActionException'> (0x00000000d5fde5e0) thrown at [C:\re\workspace\8-2-build-windows-amd64-cygwin\jdk8u181\11358\hotspot\src\share\vm\prims\jvm.cpp, line 1435]
Event: 0.505 Thread 0x00000000024ab000 Exception <a 'java/io/FileNotFoundException'> (0x00000000d6b2d650) thrown at [C:\re\workspace\8-2-build-windows-amd64-cygwin\jdk8u181\11358\hotspot\src\share\vm\prims\jni.cpp, line 709]

Events (10 events):
Event: 1.859 loading class org/apache/tools/ant/types/resources/LazyResourceCollectionWrapper$FilteringIterator done
Event: 1.859 loading class org/apache/tools/ant/types/Resource$1
Event: 1.859 loading class org/apache/tools/ant/types/Resource$1 done
Event: 3.202 loading class org/apache/tools/ant/util/ResourceUtils$1
Event: 3.202 loading class org/apache/tools/ant/util/ResourceUtils$1 done
Event: 3.203 loading class org/apache/tools/ant/util/ResourceUtils$1$1
Event: 3.203 loading class org/apache/tools/ant/util/ResourceUtils$1$1 done
Event: 3.220 Thread 0x00000000024ab000 Uncommon trap: trap_request=0xffffff65 fr.pc=0x0000000002cdcb5c
Event: 3.220 Thread 0x00000000024ab000 DEOPT PACKING pc=0x0000000002cdcb5c sp=0x000000000297e420
Event: 3.220 Thread 0x00000000024ab000 DEOPT UNPACKING pc=0x00000000029c583b sp=0x000000000297e3a8 mode 2


Dynamic libraries:
0x000000013f830000 - 0x000000013f867000 	C:\Program Files\Java\jdk1.8.0_181\bin\javaw.exe
0x00000000770a0000 - 0x0000000077249000 	C:\Windows\SYSTEM32\ntdll.dll
0x0000000076e80000 - 0x0000000076f9f000 	C:\Windows\system32\kernel32.dll
0x000007fefce80000 - 0x000007fefceeb000 	C:\Windows\system32\KERNELBASE.dll
0x000007fefd210000 - 0x000007fefd2eb000 	C:\Windows\system32\ADVAPI32.dll
0x000007fefd6e0000 - 0x000007fefd77f000 	C:\Windows\system32\msvcrt.dll
0x000007fefd800000 - 0x000007fefd81f000 	C:\Windows\SYSTEM32\sechost.dll
0x000007fefdc70000 - 0x000007fefdd9d000 	C:\Windows\system32\RPCRT4.dll
0x0000000076fa0000 - 0x000000007709a000 	C:\Windows\system32\USER32.dll
0x000007fefd820000 - 0x000007fefd887000 	C:\Windows\system32\GDI32.dll
0x000007fefd2f0000 - 0x000007fefd2fe000 	C:\Windows\system32\LPK.dll
0x000007fefd610000 - 0x000007fefd6d9000 	C:\Windows\system32\USP10.dll
0x000007fefb6f0000 - 0x000007fefb8e4000 	C:\Windows\WinSxS\amd64_microsoft.windows.common-controls_6595b64144ccf1df_6.0.7601.17514_none_fa396087175ac9ac\COMCTL32.dll
0x000007fefed60000 - 0x000007fefedd1000 	C:\Windows\system32\SHLWAPI.dll
0x000007fefd5e0000 - 0x000007fefd60e000 	C:\Windows\system32\IMM32.DLL
0x000007fefd890000 - 0x000007fefd999000 	C:\Windows\system32\MSCTF.dll
0x0000000066170000 - 0x0000000066242000 	C:\Program Files\Java\jdk1.8.0_181\jre\bin\msvcr100.dll
0x0000000070120000 - 0x00000000709c2000 	C:\Program Files\Java\jdk1.8.0_181\jre\bin\server\jvm.dll
0x000007fee89b0000 - 0x000007fee89b9000 	C:\Windows\system32\WSOCK32.dll
0x000007feff070000 - 0x000007feff0bd000 	C:\Windows\system32\WS2_32.dll
0x000007feff060000 - 0x000007feff068000 	C:\Windows\system32\NSI.dll
0x000007fefad10000 - 0x000007fefad4b000 	C:\Windows\system32\WINMM.dll
0x000007fefbe80000 - 0x000007fefbe8c000 	C:\Windows\system32\VERSION.dll
0x0000000077260000 - 0x0000000077267000 	C:\Windows\system32\PSAPI.DLL
0x0000000071910000 - 0x000000007191f000 	C:\Program Files\Java\jdk1.8.0_181\jre\bin\verify.dll
0x0000000000220000 - 0x0000000000249000 	C:\Program Files\Java\jdk1.8.0_181\jre\bin\java.dll
0x0000000000280000 - 0x0000000000296000 	C:\Program Files\Java\jdk1.8.0_181\jre\bin\zip.dll
0x000007fefde40000 - 0x000007fefebc8000 	C:\Windows\system32\SHELL32.dll
0x000007feff0c0000 - 0x000007feff2c3000 	C:\Windows\system32\ole32.dll
0x000007fefce50000 - 0x000007fefce5f000 	C:\Windows\system32\profapi.dll
0x0000000001c80000 - 0x0000000001c9a000 	C:\Program Files\Java\jdk1.8.0_181\jre\bin\net.dll
0x000007fefc5e0000 - 0x000007fefc635000 	C:\Windows\system32\mswsock.dll
0x000007fefc7f0000 - 0x000007fefc7f7000 	C:\Windows\System32\wship6.dll

VM Arguments:
jvm_args: -Dant.home=D:\eclipse\plugins\org.apache.ant_1.9.6.v201510161327 -Dant.library.dir=D:\eclipse\plugins\org.apache.ant_1.9.6.v201510161327\lib -Djava.library.path=D:\eclipse;C:\Windows\Sun\Java\bin;C:\Windows\system32;C:\Windows;C:/Program Files/Java/jdk1.8.0_181/bin/../jre/bin/server;C:/Program Files/Java/jdk1.8.0_181/bin/../jre/bin;C:/Program Files/Java/jdk1.8.0_181/bin/../jre/lib/amd64;C:\Program Files\Java\jdk1.8.0_181\bin;D:\oracle\BIToolsHome_1\jdk\jre\bin\classic;D:\oracle\BIToolsHome_1\jdk\jre\bin;D:\oracle\BIToolsHome_1\bin;D:\oracle\BIToolsHome_1\jlib;D:\oracle\BIToolsHome_1\jre\1.4.2\bin\client;D:\oracle\BIToolsHome_1\jre\1.4.2\bin;D:\DevSuiteHome_1\jdk\jre\bin\classic;D:\DevSuiteHome_1\jdk\jre\bin;D:\DevSuiteHome_1\jdk\jre\bin\client;D:\DevSuiteHome_1\jlib;D:\DevSuiteHome_1\bin;D:\DevSuiteHome_1\jre\1.4.2\bin\client;D:\DevSuiteHome_1\jre\1.4.2\bin;C:\Program Files (x86)\Common Files\Oracle\Java\javapath;C:\ProgramData\Oracle\Java\javapath;C:\Windows\system32;C:\Windows;C:\Windows\System32\Wbem;C:\Windows\System32\WindowsPowerShell\v1.0\;C:\app\Skype\Phone\;C:\Program Files (x86)\Microsoft SQL Server\Client SDK\ODBC\130\Tools\Binn\;C:\Program Files (x86)\Microsoft SQL Server\130\Tools\Binn\;C:\Program Files (x86)\Microsoft SQL Server\130\DTS\Binn\;C:\Program Files (x86)\Microsoft SQL Server\130\Tools\Binn\ManagementStudio\;C:\Program Files\Microsoft SQL Server\120\DTS\Binn\;C:\Program Files\Microsoft SQL Server\Client SDK\ODBC\110\Tools\Binn\;C:\Program Files (x86)\Microsoft SQL Server\120\Tools\Binn\;C:\Program Files\Microsoft SQL Server\120\Tools\Binn\;C:\Program Files (x86)\Microsoft SQL Server\120\Tools\Binn\ManagementStudio;C:\Program Files (x86)\Microsoft SQL Server\120\DTS\Binn\;C:\Program Files\PuTTY\;C:\windows\system32\;C:\Program Files\Git\cmd;D:\apache-maven-3.5.4\bin;D:\sdf\sdk;D:\apache-maven-3.5.4\bin;D:\apache-ant-1.10.5\bin;C:\Users\YQ12681\AppData\Local\GitHubDesktop\bin;C:\Program Files\JetBrains\WebStorm 2018.3\bin;;D:\eclipse;;.;D:\eclipse\configuration\org.eclipse.osgi\751\0\.cp -Dfile.encoding=UTF-8 
java_command: org.eclipse.ant.internal.launching.remote.InternalAntRunner -Dorg.eclipse.ant.core.ANT_PROCESS_ID=1546659366106 -Declipse.connect.port=4856 -Declipse.pdebuild.home=/D:/eclipse/plugins/org.eclipse.pde.build_3.9.100.v20150521-1524/./ -Declipse.pdebuild.scripts=/D:/eclipse/plugins/org.eclipse.pde.build_3.9.100.v20150521-1524/scripts/ -Declipse.pdebuild.templates=/D:/eclipse/plugins/org.eclipse.pde.build_3.9.100.v20150521-1524/templates/ -Dant.home=D:\eclipse\plugins\org.apache.ant_1.9.6.v201510161327 -logger org.eclipse.ant.internal.launching.remote.logger.RemoteAntBuildLogger -inputhandler org.eclipse.ant.internal.ui.antsupport.inputhandler.ProxyInputHandler -buildfile D:\workspaceNS\WebServiceNS\build.xml
java_class_path (initial): D:\eclipse\plugins\org.apache.ant_1.9.6.v201510161327\lib\ant-antlr.jar;D:\eclipse\plugins\org.apache.ant_1.9.6.v201510161327\lib\ant-apache-bcel.jar;D:\eclipse\plugins\org.apache.ant_1.9.6.v201510161327\lib\ant-apache-bsf.jar;D:\eclipse\plugins\org.apache.ant_1.9.6.v201510161327\lib\ant-apache-log4j.jar;D:\eclipse\plugins\org.apache.ant_1.9.6.v201510161327\lib\ant-apache-oro.jar;D:\eclipse\plugins\org.apache.ant_1.9.6.v201510161327\lib\ant-apache-regexp.jar;D:\eclipse\plugins\org.apache.ant_1.9.6.v201510161327\lib\ant-apache-resolver.jar;D:\eclipse\plugins\org.apache.ant_1.9.6.v201510161327\lib\ant-apache-xalan2.jar;D:\eclipse\plugins\org.apache.ant_1.9.6.v201510161327\lib\ant-commons-logging.jar;D:\eclipse\plugins\org.apache.ant_1.9.6.v201510161327\lib\ant-commons-net.jar;D:\eclipse\plugins\org.apache.ant_1.9.6.v201510161327\lib\ant-jai.jar;D:\eclipse\plugins\org.apache.ant_1.9.6.v201510161327\lib\ant-javamail.jar;D:\eclipse\plugins\org.apache.ant_1.9.6.v201510161327\lib\ant-jdepend.jar;D:\eclipse\plugins\org.apache.ant_1.9.6.v201510161327\lib\ant-jmf.jar;D:\eclipse\plugins\org.apache.ant_1.9.6.v201510161327\lib\ant-jsch.jar;D:\eclipse\plugins\org.apache.ant_1.9.6.v201510161327\lib\ant-junit.jar;D:\eclipse\plugins\org.apache.ant_1.9.6.v201510161327\lib\ant-junit4.jar;D:\eclipse\plugins\org.apache.ant_1.9.6.v201510161327\lib\ant-launcher.jar;D:\eclipse\plugins\org.apache.ant_1.9.6.v201510161327\lib\ant-netrexx.jar;D:\eclipse\plugins\org.apache.ant_1.9.6.v201510161327\lib\ant-swing.jar;D:\eclipse\plugins\org.apache.ant_1.9.6.v201510161327\lib\ant-testutil.jar;D:\eclipse\plugins\org.apache.ant_1.9.6.v201510161327\lib\ant.jar;D:\eclipse\configuration\org.eclipse.osgi\79\0\.cp\lib\antdebug.jar;D:\eclipse\configuration\org.eclipse.osgi\79\0\.cp\lib\remote.jar;D:\eclipse\configuration\org.eclipse.osgi\80\0\.cp\lib\remoteAnt.jar;C:\Program Files\Java\jdk1.8.0_181\lib\tools.jar;D:\eclipse\plugins\org.eclipse.swt.win32.win32.x86_64_3.104.2.v2016
Launcher Type: SUN_STANDARD

Environment Variables:
JAVA_HOME=C:\Program Files\Java\jdk1.8.0_181
CLASSPATH=D:\apache-ant-1.10.5\lib;D:\axis-1_4\lib\axis.jar;D:\axis-1_4\lib\commons-discovery-0.2.jar;D:\axis-1_4\lib\commons-logging-1.0.4.jar;D:\axis-1_4\lib\jaxrpc.jar;D:\axis-1_4\lib\saaj.jar;D:\axis-1_4\lib\log4j-1.2.8.jar;D:\axis-1_4\lib\wsdl4j-1.5.1.jar
PATH=C:/Program Files/Java/jdk1.8.0_181/bin/../jre/bin/server;C:/Program Files/Java/jdk1.8.0_181/bin/../jre/bin;C:/Program Files/Java/jdk1.8.0_181/bin/../jre/lib/amd64;C:\Program Files\Java\jdk1.8.0_181\bin;D:\oracle\BIToolsHome_1\jdk\jre\bin\classic;D:\oracle\BIToolsHome_1\jdk\jre\bin;D:\oracle\BIToolsHome_1\bin;D:\oracle\BIToolsHome_1\jlib;D:\oracle\BIToolsHome_1\jre\1.4.2\bin\client;D:\oracle\BIToolsHome_1\jre\1.4.2\bin;D:\DevSuiteHome_1\jdk\jre\bin\classic;D:\DevSuiteHome_1\jdk\jre\bin;D:\DevSuiteHome_1\jdk\jre\bin\client;D:\DevSuiteHome_1\jlib;D:\DevSuiteHome_1\bin;D:\DevSuiteHome_1\jre\1.4.2\bin\client;D:\DevSuiteHome_1\jre\1.4.2\bin;C:\Program Files (x86)\Common Files\Oracle\Java\javapath;C:\ProgramData\Oracle\Java\javapath;C:\Windows\system32;C:\Windows;C:\Windows\System32\Wbem;C:\Windows\System32\WindowsPowerShell\v1.0\;C:\app\Skype\Phone\;C:\Program Files (x86)\Microsoft SQL Server\Client SDK\ODBC\130\Tools\Binn\;C:\Program Files (x86)\Microsoft SQL Server\130\Tools\Binn\;C:\Program Files (x86)\Microsoft SQL Server\130\DTS\Binn\;C:\Program Files (x86)\Microsoft SQL Server\130\Tools\Binn\ManagementStudio\;C:\Program Files\Microsoft SQL Server\120\DTS\Binn\;C:\Program Files\Microsoft SQL Server\Client SDK\ODBC\110\Tools\Binn\;C:\Program Files (x86)\Microsoft SQL Server\120\Tools\Binn\;C:\Program Files\Microsoft SQL Server\120\Tools\Binn\;C:\Program Files (x86)\Microsoft SQL Server\120\Tools\Binn\ManagementStudio;C:\Program Files (x86)\Microsoft SQL Server\120\DTS\Binn\;C:\Program Files\PuTTY\;C:\windows\system32\;C:\Program Files\Git\cmd;D:\apache-maven-3.5.4\bin;D:\sdf\sdk;D:\apache-maven-3.5.4\bin;D:\apache-ant-1.10.5\bin;C:\Users\YQ12681\AppData\Local\GitHubDesktop\bin;C:\Program Files\JetBrains\WebStorm 2018.3\bin;;D:\eclipse;
USERNAME=YQ12681
OS=Windows_NT
PROCESSOR_IDENTIFIER=Intel64 Family 6 Model 94 Stepping 3, GenuineIntel



---------------  S Y S T E M  ---------------

OS: Windows 7 , 64 bit Build 7601 (6.1.7601.18015)

CPU:total 4 (initial active 4) (4 cores per cpu, 1 threads per core) family 6 model 94 stepping 3, cmov, cx8, fxsr, mmx, sse, sse2, sse3, ssse3, sse4.1, sse4.2, popcnt, avx, avx2, aes, clmul, erms, rtm, 3dnowpref, lzcnt, tsc, tscinvbit, bmi1, bmi2, adx

Memory: 4k page, physical 8295368k(895192k free), swap 16485504k(5108k free)

vm_info: Java HotSpot(TM) 64-Bit Server VM (25.181-b13) for windows-amd64 JRE (1.8.0_181-b13), built on Jul  7 2018 04:01:33 by "java_re" with MS VC++ 10.0 (VS2010)

time: Sat Jan 05 11:36:11 2019
elapsed time: 4 seconds (0d 0h 0m 4s)

